# JRE version: OpenJDK Runtime Environment Temurin-21.0.5+11 (21.0.5+11) (build 21.0.5+11-LTS)
# Java VM: OpenJDK 64-Bit Server VM Temurin-21.0.5+11 (21.0.5+11-LTS, mixed mode, emulated-client, sharing, tiered, compressed oops, compressed class ptrs, g1 gc, windows-amd64)
GC Precious Log:
 CardTable entry size: 512
 Card Set container configuration: InlinePtr #cards 4 size 8 Array Of Cards #cards 16 size 48 Howl #buckets 8 coarsen threshold 3686 Howl Bitmap #cards 512 size 80 coarsen threshold 460 Card regions per heap region 1 cards per card region 4096
 CPUs: 8 total, 8 available
 Memory: 16167M
 Large Page Support: Disabled
 NUMA Support: Disabled
 Compressed Oops: Enabled (Zero based)
 Heap Region Size: 2M
 Heap Min Capacity: 8M
 Heap Initial Capacity: 254M
 Heap Max Capacity: 4042M
 Pre-touch: Disabled
 Parallel Workers: 8
 Concurrent Workers: 2
 Concurrent Refinement Workers: 8
 Periodic GC: Disabled
Heap:
 garbage-first heap   total 57344K, used 46119K [0x0000000703600000, 0x0000000800000000)
  region size 2048K, 16 young (32768K), 2 survivors (4096K)
 Metaspace       used 35876K, committed 36480K, reserved 1114112K
  class space    used 4852K, committed 5120K, reserved 1048576K
GC Heap History (20 events):
Event: 0.839 GC heap after
{Heap after GC invocations=1 (full 0):
 garbage-first heap   total 260096K, used 4737K [0x0000000703600000, 0x0000000800000000)
  region size 2048K, 2 young (4096K), 2 survivors (4096K)
 Metaspace       used 6641K, committed 6848K, reserved 1114112K
  class space    used 736K, committed 832K, reserved 1048576K
}
Event: 1.096 GC heap before
{Heap before GC invocations=1 (full 0):
 garbage-first heap   total 260096K, used 33409K [0x0000000703600000, 0x0000000800000000)
  region size 2048K, 17 young (34816K), 2 survivors (4096K)
 Metaspace       used 10342K, committed 10560K, reserved 1114112K
  class space    used 1220K, committed 1344K, reserved 1048576K
}
Event: 1.099 GC heap after
{Heap after GC invocations=2 (full 0):
 garbage-first heap   total 260096K, used 6477K [0x0000000703600000, 0x0000000800000000)
  region size 2048K, 1 young (2048K), 1 survivors (2048K)
 Metaspace       used 10342K, committed 10560K, reserved 1114112K
  class space    used 1220K, committed 1344K, reserved 1048576K
}
Event: 1.399 GC heap before
{Heap before GC invocations=2 (full 0):
 garbage-first heap   total 260096K, used 65869K [0x0000000703600000, 0x0000000800000000)
  region size 2048K, 32 young (65536K), 1 survivors (2048K)
 Metaspace       used 16291K, committed 16704K, reserved 1114112K
  class space    used 2059K, committed 2240K, reserved 1048576K
}
Event: 1.403 GC heap after
{Heap after GC invocations=3 (full 0):
 garbage-first heap   total 260096K, used 8499K [0x0000000703600000, 0x0000000800000000)
  region size 2048K, 2 young (4096K), 2 survivors (4096K)
 Metaspace       used 16291K, committed 16704K, reserved 1114112K
  class space    used 2059K, committed 2240K, reserved 1048576K
}
Event: 1.472 GC heap before
{Heap before GC invocations=4 (full 0):
 garbage-first heap   total 34816K, used 33075K [0x0000000703600000, 0x0000000800000000)
  region size 2048K, 14 young (28672K), 2 survivors (4096K)
 Metaspace       used 18379K, committed 18752K, reserved 1114112K
  class space    used 2330K, committed 2496K, reserved 1048576K
}
Event: 1.475 GC heap after
{Heap after GC invocations=5 (full 0):
 garbage-first heap   total 40960K, used 9493K [0x0000000703600000, 0x0000000800000000)
  region size 2048K, 3 young (6144K), 3 survivors (6144K)
 Metaspace       used 18379K, committed 18752K, reserved 1114112K
  class space    used 2330K, committed 2496K, reserved 1048576K
}
Event: 1.510 GC heap before
{Heap before GC invocations=5 (full 0):
 garbage-first heap   total 40960K, used 27925K [0x0000000703600000, 0x0000000800000000)
  region size 2048K, 12 young (24576K), 3 survivors (6144K)
 Metaspace       used 19745K, committed 20160K, reserved 1114112K
  class space    used 2510K, committed 2688K, reserved 1048576K
}
Event: 1.513 GC heap after
{Heap after GC invocations=6 (full 0):
 garbage-first heap   total 40960K, used 9424K [0x0000000703600000, 0x0000000800000000)
  region size 2048K, 1 young (2048K), 1 survivors (2048K)
 Metaspace       used 19745K, committed 20160K, reserved 1114112K
  class space    used 2510K, committed 2688K, reserved 1048576K
}
Event: 1.582 GC heap before
{Heap before GC invocations=6 (full 0):
 garbage-first heap   total 40960K, used 31952K [0x0000000703600000, 0x0000000800000000)
  region size 2048K, 12 young (24576K), 1 survivors (2048K)
 Metaspace       used 21540K, committed 21952K, reserved 1114112K
  class space    used 2745K, committed 2944K, reserved 1048576K
}
Event: 1.585 GC heap after
{Heap after GC invocations=7 (full 0):
 garbage-first heap   total 151552K, used 10662K [0x0000000703600000, 0x0000000800000000)
  region size 2048K, 2 young (4096K), 2 survivors (4096K)
 Metaspace       used 21540K, committed 21952K, reserved 1114112K
  class space    used 2745K, committed 2944K, reserved 1048576K
}
Event: 2.177 GC heap before
{Heap before GC invocations=7 (full 0):
 garbage-first heap   total 151552K, used 92582K [0x0000000703600000, 0x0000000800000000)
  region size 2048K, 43 young (88064K), 2 survivors (4096K)
 Metaspace       used 27525K, committed 27968K, reserved 1114112K
  class space    used 3650K, committed 3840K, reserved 1048576K
}
Event: 2.183 GC heap after
{Heap after GC invocations=8 (full 0):
 garbage-first heap   total 151552K, used 14275K [0x0000000703600000, 0x0000000800000000)
  region size 2048K, 3 young (6144K), 3 survivors (6144K)
 Metaspace       used 27525K, committed 27968K, reserved 1114112K
  class space    used 3650K, committed 3840K, reserved 1048576K
}
Event: 2.407 GC heap before
{Heap before GC invocations=9 (full 0):
 garbage-first heap   total 49152K, used 49091K [0x0000000703600000, 0x0000000800000000)
  region size 2048K, 20 young (40960K), 3 survivors (6144K)
 Metaspace       used 30574K, committed 31168K, reserved 1114112K
  class space    used 4042K, committed 4352K, reserved 1048576K
}
Event: 2.411 GC heap after
{Heap after GC invocations=10 (full 0):
 garbage-first heap   total 57344K, used 15700K [0x0000000703600000, 0x0000000800000000)
  region size 2048K, 4 young (8192K), 4 survivors (8192K)
 Metaspace       used 30574K, committed 31168K, reserved 1114112K
  class space    used 4042K, committed 4352K, reserved 1048576K
}
Event: 2.535 GC heap before
{Heap before GC invocations=10 (full 0):
 garbage-first heap   total 57344K, used 38228K [0x0000000703600000, 0x0000000800000000)
  region size 2048K, 16 young (32768K), 4 survivors (8192K)
 Metaspace       used 32958K, committed 33472K, reserved 1114112K
  class space    used 4376K, committed 4608K, reserved 1048576K
}
Event: 2.540 GC heap after
{Heap after GC invocations=11 (full 0):
 garbage-first heap   total 57344K, used 16105K [0x0000000703600000, 0x0000000800000000)
  region size 2048K, 2 young (4096K), 2 survivors (4096K)
 Metaspace       used 32958K, committed 33472K, reserved 1114112K
  class space    used 4376K, committed 4608K, reserved 1048576K
}
Event: 2.726 GC heap before
{Heap before GC invocations=11 (full 0):
 garbage-first heap   total 57344K, used 44777K [0x0000000703600000, 0x0000000800000000)
  region size 2048K, 16 young (32768K), 2 survivors (4096K)
 Metaspace       used 35331K, committed 35904K, reserved 1114112K
  class space    used 4762K, committed 4992K, reserved 1048576K
}
Event: 2.729 GC heap after
{Heap after GC invocations=12 (full 0):
 garbage-first heap   total 57344K, used 17447K [0x0000000703600000, 0x0000000800000000)
  region size 2048K, 2 young (4096K), 2 survivors (4096K)
 Metaspace       used 35331K, committed 35904K, reserved 1114112K
  class space    used 4762K, committed 4992K, reserved 1048576K
}
Event: 1130.299 GC heap before
{Heap before GC invocations=12 (full 0):
 garbage-first heap   total 57344K, used 46119K [0x0000000703600000, 0x0000000800000000)
  region size 2048K, 16 young (32768K), 2 survivors (4096K)
 Metaspace       used 35876K, committed 36480K, reserved 1114112K
  class space    used 4852K, committed 5120K, reserved 1048576K
}

